<?xml version="1.0" encoding="UTF-8"?>
<!-- Generated by org.testng.reporters.JUnitXMLReporter -->
<testsuite hostname="DVA-5ZGPBY3-L" ignored="0" name="Test" tests="1" failures="1" timestamp="2024-01-15T11:14:04 PST" time="43.788" errors="0">
  <testcase name="addRemoveItem" time="16.882" classname="com.davita.mini.AddRemoveItemBasketTest">
    <failure type="java.lang.AssertionError" message="expected [$45.22] but found [$45.24]">
      <![CDATA[java.lang.AssertionError: expected [$45.22] but found [$45.24]
at com.davita.mini.AddRemoveItemBasketTest.addRemoveItem(AddRemoveItemBasketTest.java:99)
at java.util.ArrayList.forEach(ArrayList.java:1257)
... Removed 37 stack frames]]>
    </failure>
  </testcase> <!-- addRemoveItem -->
</testsuite> <!-- Test -->
