<?xml version="1.0" encoding="UTF-8"?>
<testsuite xmlns:xsi="http://www.w3.org/2001/XMLSchema-instance" xsi:noNamespaceSchemaLocation="https://maven.apache.org/surefire/maven-surefire-plugin/xsd/surefire-test-report.xsd" name="TestSuite" time="88.895" tests="2" errors="0" skipped="0" failures="1">
  <properties>
[...]
</properties>
  <testcase name="addRemoveItem" classname="com.davita.mini.AddRemoveItemBasketTest" time="17.002">
    <failure message="expected [$45.22] but found [$45.24]" type="java.lang.AssertionError">java.lang.AssertionError: expected [$45.22] but found [$45.24]
	at com.davita.mini.AddRemoveItemBasketTest.addRemoveItem(AddRemoveItemBasketTest.java:99)
</failure>
    <system-out><![CDATA[One1
Two
$45.24
]]></system-out>
    <system-err><![CDATA[1705346001404	geckodriver	INFO	Listening on 127.0.0.1:32866
1705346001658	mozrunner::runner	INFO	Running command: "C:\\Users\\SBHANDARAM\\AppData\\Local\\Mozilla Firefox\\firefox.exe" "--marionette" "-no-remote" "-profile" "C:\\Users\\SBHAND~1\\AppData\\Local\\Temp\\rust_mozprofileSQSMD0"
console.warn: services.settings: Ignoring preference override of remote settings server
console.warn: services.settings: Allow by setting MOZ_REMOTE_SETTINGS_DEVTOOLS=1 in the environment
1705346002685	Marionette	INFO	Marionette enabled
Dynamically enable window occlusion 0
1705346003382	Marionette	INFO	Listening on port 51726
1705346003495	RemoteAgent	WARN	TLS certificate errors will be ignored for this session
Jan 15, 2024 11:13:24 AM org.openqa.selenium.remote.ProtocolHandshake createSession
INFO: Detected dialect: W3C
console.warn: LoginRecipes: "Falling back to a synchronous message for: http://teststore.automationtesting.co.uk."
console.warn: LoginRecipes: "Falling back to a synchronous message for: http://teststore.automationtesting.co.uk."
]]></system-err>
  </testcase>
  <testcase name="endToEndTest" classname="com.davita.mini.OrderCompleteTest" time="19.977"/>
</testsuite>