-------------------------------------------------------------------------------
Test set: TestSuite
-------------------------------------------------------------------------------
Tests run: 2, Failures: 1, Errors: 0, Skipped: 0, Time elapsed: 88.895 s <<< FAILURE! - in TestSuite
addRemoveItem(com.davita.mini.AddRemoveItemBasketTest)  Time elapsed: 17.002 s  <<< FAILURE!
java.lang.AssertionError: expected [$45.22] but found [$45.24]
	at com.davita.mini.AddRemoveItemBasketTest.addRemoveItem(AddRemoveItemBasketTest.java:99)

