<?xml version="1.0" encoding="UTF-8"?>
<testng-results skipped="0" failed="0" total="1" passed="1">
  <reporter-output>
  </reporter-output>
  <suite name="Default suite" duration-ms="40641" started-at="2024-01-15T19:19:37Z" finished-at="2024-01-15T19:20:17Z">
    <groups>
    </groups>
    <test name="Default test" duration-ms="40641" started-at="2024-01-15T19:19:37Z" finished-at="2024-01-15T19:20:17Z">
      <class name="com.davita.mini.AddRemoveItemBasketTest">
        <test-method status="PASS" signature="setup()[pri:0, instance:com.davita.mini.AddRemoveItemBasketTest@28f67ac7]" name="setup" is-config="true" duration-ms="7572" started-at="2024-01-15T11:19:37Z" finished-at="2024-01-15T11:19:44Z">
          <reporter-output>
          </reporter-output>
        </test-method> <!-- setup -->
        <test-method status="PASS" signature="addRemoveItem()[pri:0, instance:com.davita.mini.AddRemoveItemBasketTest@28f67ac7]" name="addRemoveItem" duration-ms="15467" started-at="2024-01-15T11:19:44Z" finished-at="2024-01-15T11:20:00Z">
          <reporter-output>
          </reporter-output>
        </test-method> <!-- addRemoveItem -->
        <test-method status="PASS" signature="tearDown()[pri:0, instance:com.davita.mini.AddRemoveItemBasketTest@28f67ac7]" name="tearDown" is-config="true" duration-ms="17594" started-at="2024-01-15T11:20:00Z" finished-at="2024-01-15T11:20:17Z">
          <reporter-output>
          </reporter-output>
        </test-method> <!-- tearDown -->
      </class> <!-- com.davita.mini.AddRemoveItemBasketTest -->
    </test> <!-- Default test -->
  </suite> <!-- Default suite -->
</testng-results>
